0 info it worked if it ends with ok
1 verbose cli [ 'C:\\Program Files\\nodejs\\node.exe',
1 verbose cli   'C:\\Program Files\\nodejs\\node_modules\\npm\\bin\\npm-cli.js',
1 verbose cli   'run',
1 verbose cli   'migrations' ]
2 info using npm@3.10.10
3 info using node@v6.11.3
4 verbose run-script [ 'premigrations', 'migrations', 'postmigrations' ]
5 info lifecycle 2p@1.0.0~premigrations: 2p@1.0.0
6 silly lifecycle 2p@1.0.0~premigrations: no script for premigrations, continuing
7 info lifecycle 2p@1.0.0~migrations: 2p@1.0.0
8 verbose lifecycle 2p@1.0.0~migrations: unsafe-perm in lifecycle true
9 verbose lifecycle 2p@1.0.0~migrations: PATH: C:\Program Files\nodejs\node_modules\npm\bin\node-gyp-bin;C:\Users\fa-po\Documents\Projetos\CodigoAbsurdo\2p\node_modules\.bin;C:\ProgramData\Oracle\Java\javapath;C:\Windows\system32;C:\Windows;C:\Windows\System32\Wbem;C:\Windows\System32\WindowsPowerShell\v1.0\;C:\Program Files (x86)\NVIDIA Corporation\PhysX\Common;C:\Program Files\Intel\WiFi\bin\;C:\Program Files\Common Files\Intel\WirelessCommon\;C:\Program Files\Git\cmd;C:\xampp\php;C:\ProgramData\ComposerSetup\bin;C:\WINDOWS\system32;C:\WINDOWS;C:\WINDOWS\System32\Wbem;C:\WINDOWS\System32\WindowsPowerShell\v1.0\;C:\ProgramData\chocolatey\bin;C:\Program Files\nodejs\;C:\Program Files (x86)\Windows Kits\8.1\Windows Performance Toolkit\;C:\Program Files (x86)\OpenVPN\bin;;C:\Program Files\Microsoft VS Code\bin;C:\Users\fa-po\AppData\Roaming\Composer\vendor\bin;C:\Users\fa-po\AppData\Local\Microsoft\WindowsApps;C:\Users\fa-po\AppData\Roaming\npm;C:\Users\fa-po\AppData\Local\Programs\Fiddler;%USERPROFILE%\AppData\Local\Microsoft\WindowsApps
10 verbose lifecycle 2p@1.0.0~migrations: CWD: C:\Users\fa-po\Documents\Projetos\CodigoAbsurdo\2p
11 silly lifecycle 2p@1.0.0~migrations: Args: [ '/d /s /c',
11 silly lifecycle   'sequelize db:migrate --config server/config/database/sequelize-config.json --models-path server/models --migrations-path server/migrations' ]
12 silly lifecycle 2p@1.0.0~migrations: Returned: code: 1  signal: null
13 info lifecycle 2p@1.0.0~migrations: Failed to exec migrations script
14 verbose stack Error: 2p@1.0.0 migrations: `sequelize db:migrate --config server/config/database/sequelize-config.json --models-path server/models --migrations-path server/migrations`
14 verbose stack Exit status 1
14 verbose stack     at EventEmitter.<anonymous> (C:\Program Files\nodejs\node_modules\npm\lib\utils\lifecycle.js:255:16)
14 verbose stack     at emitTwo (events.js:106:13)
14 verbose stack     at EventEmitter.emit (events.js:191:7)
14 verbose stack     at ChildProcess.<anonymous> (C:\Program Files\nodejs\node_modules\npm\lib\utils\spawn.js:40:14)
14 verbose stack     at emitTwo (events.js:106:13)
14 verbose stack     at ChildProcess.emit (events.js:191:7)
14 verbose stack     at maybeClose (internal/child_process.js:920:16)
14 verbose stack     at Process.ChildProcess._handle.onexit (internal/child_process.js:230:5)
15 verbose pkgid 2p@1.0.0
16 verbose cwd C:\Users\fa-po\Documents\Projetos\CodigoAbsurdo\2p
17 error Windows_NT 10.0.16299
18 error argv "C:\\Program Files\\nodejs\\node.exe" "C:\\Program Files\\nodejs\\node_modules\\npm\\bin\\npm-cli.js" "run" "migrations"
19 error node v6.11.3
20 error npm  v3.10.10
21 error code ELIFECYCLE
22 error 2p@1.0.0 migrations: `sequelize db:migrate --config server/config/database/sequelize-config.json --models-path server/models --migrations-path server/migrations`
22 error Exit status 1
23 error Failed at the 2p@1.0.0 migrations script 'sequelize db:migrate --config server/config/database/sequelize-config.json --models-path server/models --migrations-path server/migrations'.
23 error Make sure you have the latest version of node.js and npm installed.
23 error If you do, this is most likely a problem with the 2p package,
23 error not with npm itself.
23 error Tell the author that this fails on your system:
23 error     sequelize db:migrate --config server/config/database/sequelize-config.json --models-path server/models --migrations-path server/migrations
23 error You can get information on how to open an issue for this project with:
23 error     npm bugs 2p
23 error Or if that isn't available, you can get their info via:
23 error     npm owner ls 2p
23 error There is likely additional logging output above.
24 verbose exit [ 1, true ]
